<?xml version="1.0" encoding="UTF-8"?>
<!-- Generated by org.testng.reporters.JUnitReportReporter -->
<testsuite hostname="DCKAQOC-050" failures="0" tests="1" name="com.employee.CameraAccessTest4" time="69.712" errors="0" timestamp="2023-03-14T13:39:59 IST" skipped="0">
  <testcase classname="com.employee.CameraAccessTest4" name="empId" time="69.712"/>
  <system-out/>
</testsuite> <!-- com.employee.CameraAccessTest4 -->
